{"name": "test_contact_us_attach_file_validation_for_empty_field", "status": "broken", "statusDetails": {"message": "selenium.common.exceptions.TimeoutException: Message:", "trace": "self = <test_contactform.ContactUsFormTestSuite testMethod=test_contact_us_attach_file_validation_for_empty_field>\n\n    def test_contact_us_attach_file_validation_for_empty_field(self):\n    \tself.homescreen = HomeScreen(self.driver)\n    \tself.homescreen.click_contact_us_button()\n    \n    \tself.contact_us_form = ContactUsForm(self.driver)\n    \tself.contact_us_form.select_subject_heading(strings.subject)\n    \tself.contact_us_form.write_email_address(strings.valid_email)\n    \tself.contact_us_form.write_message(strings.valid_message)\n    \tself.contact_us_form.write_order_reference(strings.valid_order_reference)\n    \tself.contact_us_form.click_send_button()\n>   \tself.contact_us_form.validate_error_message(strings.missing_order_reference)\n\ntestcases\\test_contactform.py:89: \n_ _ _ _ _ _ _ _ _ _ _ _ _ _ _ _ _ _ _ _ _ _ _ _ _ _ _ _ _ _ _ _ _ _ _ _ _ _ _ _\npageobjects\\contactusform.py:82: in validate_error_message\n    By.XPATH, \"//li[contains(text(), '{0}')]\".format(error))))\n_ _ _ _ _ _ _ _ _ _ _ _ _ _ _ _ _ _ _ _ _ _ _ _ _ _ _ _ _ _ _ _ _ _ _ _ _ _ _ _\n\nself = <selenium.webdriver.support.wait.WebDriverWait (session=\"5e43c39fe7ca28a330a2f368c353c985\")>\nmethod = <selenium.webdriver.support.expected_conditions.visibility_of_element_located object at 0x000001D98C3C5A58>\nmessage = ''\n\n    def until(self, method, message=''):\n        \"\"\"Calls the method provided with the driver as an argument until the \\\n        return value is not False.\"\"\"\n        screen = None\n        stacktrace = None\n    \n        end_time = time.time() + self._timeout\n        while True:\n            try:\n                value = method(self._driver)\n                if value:\n                    return value\n            except self._ignored_exceptions as exc:\n                screen = getattr(exc, 'screen', None)\n                stacktrace = getattr(exc, 'stacktrace', None)\n            time.sleep(self._poll)\n            if time.time() > end_time:\n                break\n>       raise TimeoutException(message, screen, stacktrace)\nE       selenium.common.exceptions.TimeoutException: Message:\n\n..\\..\\..\\..\\AppData\\Local\\Programs\\Python\\Python37\\lib\\site-packages\\selenium\\webdriver\\support\\wait.py:80: TimeoutException"}, "steps": [{"name": "Click Contact Us Button", "status": "passed", "start": 1646597417926, "stop": 1646597418617}, {"name": "Select a Subject Heading", "status": "passed", "parameters": [{"name": "subject", "value": "'Webmaster'"}], "start": 1646597418730, "stop": 1646597418756}, {"name": "Input an Email Address", "status": "passed", "parameters": [{"name": "email", "value": "'test@test.com'"}], "start": 1646597418756, "stop": 1646597418794}, {"name": "Input a Message", "status": "passed", "parameters": [{"name": "message", "value": "'Lorem ipsum dolor sit amet, consectetur adipiscing elit. Donec molestie rutrum ligula ut viverra. Mauris fringilla ex nec ultrices gravida. Nam vestibulum tempus arcu eu iaculis. Vestibulum suscipit pretium ligula, eu eleifend tortor maximus non. Duis id cursus sem. Morbi sit amet pharetra ante, sit amet vulputate velit. Integer aliquam ex ipsum, vel volutpat velit dignissim sit amet. Proin malesuada ut augue in sollicitudin. Aenean aliquet metus eget commodo fringilla. Cras in pulvinar laoreet.'"}], "start": 1646597418794, "stop": 1646597419511}, {"name": "Input an Order Reference", "status": "passed", "parameters": [{"name": "order_reference", "value": "'123abc'"}], "start": 1646597419511, "stop": 1646597419534}, {"name": "Click Send button", "status": "passed", "start": 1646597419534, "stop": 1646597421897}, {"name": "Validate a Contact Us Form error message", "status": "broken", "statusDetails": {"message": "selenium.common.exceptions.TimeoutException: Message: \n\n", "trace": "  File \"C:\\Users\\OneMaco\\AppData\\Local\\Programs\\Python\\Python37\\lib\\site-packages\\allure_commons\\_allure.py\", line 172, in impl\n    return func(*a, **kw)\n  File \"C:\\Users\\OneMaco\\Desktop\\Jobsity\\Jobsity-QAChallenge\\AutomationPracticeFramework\\pageobjects\\contactusform.py\", line 82, in validate_error_message\n    By.XPATH, \"//li[contains(text(), '{0}')]\".format(error))))\n  File \"C:\\Users\\OneMaco\\AppData\\Local\\Programs\\Python\\Python37\\lib\\site-packages\\selenium\\webdriver\\support\\wait.py\", line 80, in until\n    raise TimeoutException(message, screen, stacktrace)\n"}, "parameters": [{"name": "error", "value": "'The order reference cannot be blank.'"}], "start": 1646597421897, "stop": 1646597432067}], "start": 1646597411076, "stop": 1646597434162, "uuid": "2a17b2e7-842d-4bc0-aa01-b8b8089e7379", "historyId": "4c29faf374606ac34af03260bb92383c", "testCaseId": "58500231de9ddee3ca02e1df191b31db", "fullName": "testcases.test_contactform.ContactUsFormTestSuite#test_contact_us_attach_file_validation_for_empty_field", "labels": [{"name": "parentSuite", "value": "testcases"}, {"name": "suite", "value": "test_contactform"}, {"name": "subSuite", "value": "ContactUsFormTestSuite"}, {"name": "host", "value": "DESKTOP-SSGALID"}, {"name": "thread", "value": "18652-MainThread"}, {"name": "framework", "value": "pytest"}, {"name": "language", "value": "cpython3"}, {"name": "package", "value": "testcases.test_contactform"}]}